<?xml version="1.0" encoding="UTF-8"?>
<testsuite xmlns:xsi="http://www.w3.org/2001/XMLSchema-instance" xsi:schemaLocation="https://maven.apache.org/surefire/maven-surefire-plugin/xsd/surefire-test-report.xsd" name="TestSuite" time="10,857.495" tests="6" errors="0" skipped="1" failures="5">
  <properties>
    <property name="java.runtime.name" value="Java(TM) SE Runtime Environment"/>
    <property name="sun.boot.library.path" value="C:\Program Files\Java\jre1.8.0_45\bin"/>
    <property name="java.vm.version" value="25.45-b02"/>
    <property name="java.vm.vendor" value="Oracle Corporation"/>
    <property name="java.vendor.url" value="http://java.oracle.com/"/>
    <property name="path.separator" value=";"/>
    <property name="guice.disable.misplaced.annotation.check" value="true"/>
    <property name="java.vm.name" value="Java HotSpot(TM) 64-Bit Server VM"/>
    <property name="file.encoding.pkg" value="sun.io"/>
    <property name="user.script" value=""/>
    <property name="user.country" value="US"/>
    <property name="sun.java.launcher" value="SUN_STANDARD"/>
    <property name="sun.os.patch.level" value="Service Pack 1"/>
    <property name="java.vm.specification.name" value="Java Virtual Machine Specification"/>
    <property name="user.dir" value="C:\Users\sk028132\git\BridgeMedical"/>
    <property name="java.runtime.version" value="1.8.0_45-b15"/>
    <property name="java.awt.graphicsenv" value="sun.awt.Win32GraphicsEnvironment"/>
    <property name="basedir" value="C:\Users\sk028132\git\BridgeMedical"/>
    <property name="java.endorsed.dirs" value="C:\Program Files\Java\jre1.8.0_45\lib\endorsed"/>
    <property name="os.arch" value="amd64"/>
    <property name="java.io.tmpdir" value="C:\Users\sk028132\AppData\Local\Temp\"/>
    <property name="line.separator" value="&#10;"/>
    <property name="java.vm.specification.vendor" value="Oracle Corporation"/>
    <property name="user.variant" value=""/>
    <property name="os.name" value="Windows 7"/>
    <property name="classworlds.conf" value="C:\Temp\.metadata\.plugins\org.eclipse.m2e.launching\launches\m2conf2534850707063427665.tmp"/>
    <property name="sun.jnu.encoding" value="Cp1252"/>
    <property name="java.library.path" value="C:\Program Files\Java\jre1.8.0_45\bin;C:\windows\Sun\Java\bin;C:\windows\system32;C:\windows;C:\Program Files (x86)\Intel\iCLS Client\;C:\Program Files\Intel\iCLS Client\;C:\ProgramData\Oracle\Java\javapath;C:\windows\system32;C:\windows;C:\windows\System32\Wbem;C:\windows\System32\WindowsPowerShell\v1.0\;C:\windows\System32\WindowsPowerShell\v1.0\;C:\Program Files\Intel\Intel(R) Management Engine Components\DAL;C:\Program Files\Intel\Intel(R) Management Engine Components\IPT;C:\Program Files (x86)\Intel\Intel(R) Management Engine Components\DAL;C:\Program Files (x86)\Intel\Intel(R) Management Engine Components\IPT;C:\windows\System32\WindowsPowerShell\v1.0\;C:\Program Files (x86)\Graphviz 2.28\bin;C:\Program Files\Java\jdk1.7.0_79\bin;C:\Python35\Scripts\;C:\Python35\;C:\Users\sk028132\PycharmProjects\Readandwritefiles;C:\Users\sk028132\AppData\Local\Programs\Python\Python35-32\Scripts\;C:\Users\sk028132\AppData\Local\Programs\Python\Python35-32\;C:\Users\sk028132\AppData\Local\Programs\Python\Launcher\;C:\Program Files\Java\jdk1.7.0_79\bin;."/>
    <property name="surefire.test.class.path" value="C:\Users\sk028132\git\BridgeMedical\target\test-classes;C:\Users\sk028132\git\BridgeMedical\target\classes;C:\Users\sk028132\.m2\repository\org\testng\testng\6.9.10\testng-6.9.10.jar;C:\Users\sk028132\.m2\repository\com\beust\jcommander\1.48\jcommander-1.48.jar;C:\Users\sk028132\.m2\repository\org\beanshell\bsh\2.0b4\bsh-2.0b4.jar;C:\Users\sk028132\.m2\repository\commons-io\commons-io\2.5\commons-io-2.5.jar;C:\Users\sk028132\.m2\repository\com\pojosontheweb\monte-repack\1.0\monte-repack-1.0.jar;C:\Users\sk028132\.m2\repository\javax\media\jai\com.springsource.javax.media.jai.core\1.1.3\com.springsource.javax.media.jai.core-1.1.3.jar;C:\Users\sk028132\.m2\repository\javax\media\jai\com.springsource.javax.media.jai.codec\1.1.3\com.springsource.javax.media.jai.codec-1.1.3.jar;C:\Users\sk028132\.m2\repository\javax\media\jmf\2.1.1e\jmf-2.1.1e.jar;C:\Users\sk028132\.m2\repository\org\seleniumhq\selenium\selenium-api\3.0.1\selenium-api-3.0.1.jar;C:\Users\sk028132\.m2\repository\org\seleniumhq\selenium\selenium-chrome-driver\3.0.1\selenium-chrome-driver-3.0.1.jar;C:\Users\sk028132\.m2\repository\org\seleniumhq\selenium\selenium-ie-driver\3.0.1\selenium-ie-driver-3.0.1.jar;C:\Users\sk028132\.m2\repository\org\seleniumhq\selenium\selenium-opera-driver\3.0.1\selenium-opera-driver-3.0.1.jar;C:\Users\sk028132\.m2\repository\org\seleniumhq\selenium\selenium-remote-driver\3.0.1\selenium-remote-driver-3.0.1.jar;C:\Users\sk028132\.m2\repository\cglib\cglib-nodep\3.2.4\cglib-nodep-3.2.4.jar;C:\Users\sk028132\.m2\repository\org\apache\commons\commons-exec\1.3\commons-exec-1.3.jar;C:\Users\sk028132\.m2\repository\com\google\code\gson\gson\2.3.1\gson-2.3.1.jar;C:\Users\sk028132\.m2\repository\com\google\guava\guava\19.0\guava-19.0.jar;C:\Users\sk028132\.m2\repository\org\apache\httpcomponents\httpmime\4.5.2\httpmime-4.5.2.jar;C:\Users\sk028132\.m2\repository\org\apache\httpcomponents\httpclient\4.5.2\httpclient-4.5.2.jar;C:\Users\sk028132\.m2\repository\org\apache\httpcomponents\httpcore\4.4.4\httpcore-4.4.4.jar;C:\Users\sk028132\.m2\repository\commons-logging\commons-logging\1.2\commons-logging-1.2.jar;C:\Users\sk028132\.m2\repository\commons-codec\commons-codec\1.9\commons-codec-1.9.jar;C:\Users\sk028132\.m2\repository\net\java\dev\jna\jna-platform\4.1.0\jna-platform-4.1.0.jar;C:\Users\sk028132\.m2\repository\net\java\dev\jna\jna\4.1.0\jna-4.1.0.jar;C:\Users\sk028132\.m2\repository\com\relevantcodes\extentreports\2.41.0\extentreports-2.41.0.jar;C:\Users\sk028132\.m2\repository\org\jsoup\jsoup\1.8.3\jsoup-1.8.3.jar;C:\Users\sk028132\.m2\repository\org\xerial\sqlite-jdbc\3.8.11.1\sqlite-jdbc-3.8.11.1.jar;C:\Users\sk028132\.m2\repository\org\freemarker\freemarker\2.3.23\freemarker-2.3.23.jar;C:\Users\sk028132\.m2\repository\org\mongodb\mongodb-driver\3.0.4\mongodb-driver-3.0.4.jar;C:\Users\sk028132\.m2\repository\org\mongodb\bson\3.0.4\bson-3.0.4.jar;C:\Users\sk028132\.m2\repository\org\mongodb\mongodb-driver-core\3.0.4\mongodb-driver-core-3.0.4.jar;C:\Users\sk028132\.m2\repository\org\apache\maven\plugins\maven-compiler-plugin\3.3\maven-compiler-plugin-3.3.jar;C:\Users\sk028132\.m2\repository\org\apache\maven\maven-plugin-api\2.2.1\maven-plugin-api-2.2.1.jar;C:\Users\sk028132\.m2\repository\org\apache\maven\maven-artifact\2.2.1\maven-artifact-2.2.1.jar;C:\Users\sk028132\.m2\repository\org\codehaus\plexus\plexus-utils\1.5.15\plexus-utils-1.5.15.jar;C:\Users\sk028132\.m2\repository\org\apache\maven\maven-core\2.2.1\maven-core-2.2.1.jar;C:\Users\sk028132\.m2\repository\org\apache\maven\maven-settings\2.2.1\maven-settings-2.2.1.jar;C:\Users\sk028132\.m2\repository\org\codehaus\plexus\plexus-interpolation\1.11\plexus-interpolation-1.11.jar;C:\Users\sk028132\.m2\repository\org\apache\maven\maven-plugin-parameter-documenter\2.2.1\maven-plugin-parameter-documenter-2.2.1.jar;C:\Users\sk028132\.m2\repository\org\apache\maven\wagon\wagon-http\1.0-beta-6\wagon-http-1.0-beta-6.jar;C:\Users\sk028132\.m2\repository\org\apache\maven\wagon\wagon-http-shared\1.0-beta-6\wagon-http-shared-1.0-beta-6.jar;C:\Users\sk028132\.m2\repository\nekohtml\xercesMinimal\1.9.6.2\xercesMinimal-1.9.6.2.jar;C:\Users\sk028132\.m2\repository\nekohtml\nekohtml\1.9.6.2\nekohtml-1.9.6.2.jar;C:\Users\sk028132\.m2\repository\commons-httpclient\commons-httpclient\3.1\commons-httpclient-3.1.jar;C:\Users\sk028132\.m2\repository\org\apache\maven\wagon\wagon-webdav-jackrabbit\1.0-beta-6\wagon-webdav-jackrabbit-1.0-beta-6.jar;C:\Users\sk028132\.m2\repository\org\apache\jackrabbit\jackrabbit-webdav\1.5.0\jackrabbit-webdav-1.5.0.jar;C:\Users\sk028132\.m2\repository\org\apache\jackrabbit\jackrabbit-jcr-commons\1.5.0\jackrabbit-jcr-commons-1.5.0.jar;C:\Users\sk028132\.m2\repository\org\slf4j\slf4j-nop\1.5.3\slf4j-nop-1.5.3.jar;C:\Users\sk028132\.m2\repository\org\slf4j\slf4j-jdk14\1.5.6\slf4j-jdk14-1.5.6.jar;C:\Users\sk028132\.m2\repository\org\slf4j\slf4j-api\1.5.6\slf4j-api-1.5.6.jar;C:\Users\sk028132\.m2\repository\org\slf4j\jcl-over-slf4j\1.5.6\jcl-over-slf4j-1.5.6.jar;C:\Users\sk028132\.m2\repository\org\apache\maven\maven-profile\2.2.1\maven-profile-2.2.1.jar;C:\Users\sk028132\.m2\repository\org\apache\maven\maven-model\2.2.1\maven-model-2.2.1.jar;C:\Users\sk028132\.m2\repository\org\apache\maven\wagon\wagon-provider-api\1.0-beta-6\wagon-provider-api-1.0-beta-6.jar;C:\Users\sk028132\.m2\repository\org\apache\maven\maven-repository-metadata\2.2.1\maven-repository-metadata-2.2.1.jar;C:\Users\sk028132\.m2\repository\org\apache\maven\maven-error-diagnostics\2.2.1\maven-error-diagnostics-2.2.1.jar;C:\Users\sk028132\.m2\repository\org\apache\maven\maven-project\2.2.1\maven-project-2.2.1.jar;C:\Users\sk028132\.m2\repository\org\apache\maven\maven-plugin-registry\2.2.1\maven-plugin-registry-2.2.1.jar;C:\Users\sk028132\.m2\repository\org\apache\maven\maven-plugin-descriptor\2.2.1\maven-plugin-descriptor-2.2.1.jar;C:\Users\sk028132\.m2\repository\org\apache\maven\maven-artifact-manager\2.2.1\maven-artifact-manager-2.2.1.jar;C:\Users\sk028132\.m2\repository\backport-util-concurrent\backport-util-concurrent\3.1\backport-util-concurrent-3.1.jar;C:\Users\sk028132\.m2\repository\org\apache\maven\maven-monitor\2.2.1\maven-monitor-2.2.1.jar;C:\Users\sk028132\.m2\repository\org\sonatype\plexus\plexus-sec-dispatcher\1.3\plexus-sec-dispatcher-1.3.jar;C:\Users\sk028132\.m2\repository\org\sonatype\plexus\plexus-cipher\1.4\plexus-cipher-1.4.jar;C:\Users\sk028132\.m2\repository\org\apache\maven\maven-toolchain\2.2.1\maven-toolchain-2.2.1.jar;C:\Users\sk028132\.m2\repository\org\apache\maven\shared\maven-shared-utils\0.7\maven-shared-utils-0.7.jar;C:\Users\sk028132\.m2\repository\com\google\code\findbugs\jsr305\2.0.1\jsr305-2.0.1.jar;C:\Users\sk028132\.m2\repository\org\apache\maven\shared\maven-shared-incremental\1.1\maven-shared-incremental-1.1.jar;C:\Users\sk028132\.m2\repository\org\codehaus\plexus\plexus-component-annotations\1.5.5\plexus-component-annotations-1.5.5.jar;C:\Users\sk028132\.m2\repository\org\codehaus\plexus\plexus-compiler-api\2.5\plexus-compiler-api-2.5.jar;C:\Users\sk028132\.m2\repository\org\codehaus\plexus\plexus-compiler-manager\2.5\plexus-compiler-manager-2.5.jar;C:\Users\sk028132\.m2\repository\org\codehaus\plexus\plexus-compiler-javac\2.5\plexus-compiler-javac-2.5.jar;C:\Users\sk028132\.m2\repository\org\codehaus\plexus\plexus-container-default\1.5.5\plexus-container-default-1.5.5.jar;C:\Users\sk028132\.m2\repository\org\codehaus\plexus\plexus-classworlds\2.2.2\plexus-classworlds-2.2.2.jar;C:\Users\sk028132\.m2\repository\org\apache\xbean\xbean-reflect\3.4\xbean-reflect-3.4.jar;C:\Users\sk028132\.m2\repository\log4j\log4j\1.2.12\log4j-1.2.12.jar;C:\Users\sk028132\.m2\repository\commons-logging\commons-logging-api\1.1\commons-logging-api-1.1.jar;C:\Users\sk028132\.m2\repository\com\google\collections\google-collections\1.0\google-collections-1.0.jar;C:\Users\sk028132\.m2\repository\org\seleniumhq\selenium\selenium-support\3.0.1\selenium-support-3.0.1.jar;C:\Users\sk028132\.m2\repository\junit\junit\4.12\junit-4.12.jar;C:\Users\sk028132\.m2\repository\org\hamcrest\hamcrest-core\1.3\hamcrest-core-1.3.jar;C:\Users\sk028132\.m2\repository\org\apache\maven\surefire\surefire-testng-utils\2.19.1\surefire-testng-utils-2.19.1.jar;C:\Users\sk028132\.m2\repository\org\apache\maven\surefire\surefire-grouper\2.19.1\surefire-grouper-2.19.1.jar;"/>
    <property name="webdriver.ie.driver" value="c://IEDriverServer_Win32_2.53.1/IEDriverServer.exe"/>
    <property name="java.specification.name" value="Java Platform API Specification"/>
    <property name="java.class.version" value="52.0"/>
    <property name="sun.management.compiler" value="HotSpot 64-Bit Tiered Compilers"/>
    <property name="os.version" value="6.1"/>
    <property name="user.home" value="C:\Users\sk028132"/>
    <property name="user.timezone" value="Asia/Calcutta"/>
    <property name="java.awt.printerjob" value="sun.awt.windows.WPrinterJob"/>
    <property name="java.specification.version" value="1.8"/>
    <property name="file.encoding" value="Cp1252"/>
    <property name="user.name" value="SK028132"/>
    <property name="java.class.path" value="/C:/Temp/Important/eclipse-java-luna-R-win32-x86_64(1)/eclipse/plugins/org.eclipse.m2e.maven.runtime_1.5.0.20140605-2032/jars/plexus-classworlds-2.5.1.jar"/>
    <property name="org.slf4j.simpleLogger.defaultLogLevel" value="info"/>
    <property name="java.vm.specification.version" value="1.8"/>
    <property name="sun.arch.data.model" value="64"/>
    <property name="java.home" value="C:\Program Files\Java\jre1.8.0_45"/>
    <property name="sun.java.command" value="org.codehaus.plexus.classworlds.launcher.Launcher -B test"/>
    <property name="java.specification.vendor" value="Oracle Corporation"/>
    <property name="user.language" value="en"/>
    <property name="awt.toolkit" value="sun.awt.windows.WToolkit"/>
    <property name="java.vm.info" value="mixed mode"/>
    <property name="java.version" value="1.8.0_45"/>
    <property name="java.ext.dirs" value="C:\Program Files\Java\jre1.8.0_45\lib\ext;C:\windows\Sun\Java\lib\ext"/>
    <property name="sun.boot.class.path" value="C:\Program Files\Java\jre1.8.0_45\lib\resources.jar;C:\Program Files\Java\jre1.8.0_45\lib\rt.jar;C:\Program Files\Java\jre1.8.0_45\lib\sunrsasign.jar;C:\Program Files\Java\jre1.8.0_45\lib\jsse.jar;C:\Program Files\Java\jre1.8.0_45\lib\jce.jar;C:\Program Files\Java\jre1.8.0_45\lib\charsets.jar;C:\Program Files\Java\jre1.8.0_45\lib\jfr.jar;C:\Program Files\Java\jre1.8.0_45\classes"/>
    <property name="java.vendor" value="Oracle Corporation"/>
    <property name="maven.home" value="C:\Users\sk028132\git\BridgeMedical\EMBEDDED"/>
    <property name="localRepository" value="C:\Users\sk028132\.m2\repository"/>
    <property name="file.separator" value="\"/>
    <property name="java.vendor.url.bug" value="http://bugreport.sun.com/bugreport/"/>
    <property name="sun.cpu.endian" value="little"/>
    <property name="sun.io.unicode.encoding" value="UnicodeLittle"/>
    <property name="sun.desktop" value="windows"/>
    <property name="sun.cpu.isalist" value="amd64"/>
  </properties>
  <testcase name="patientIdentficationErrorTest" classname="Hazards.PatientIdentificationErrorTest" time="6.748">
    <failure message="Unable to find element on closed window (WARNING: The server did not provide any stacktrace information)&#10;Command duration or timeout: 156 milliseconds&#10;Build info: version: &apos;3.0.1&apos;, revision: &apos;1969d75&apos;, time: &apos;2016-10-18 09:49:13 -0700&apos;&#10;System info: host: &apos;W1343733&apos;, ip: &apos;10.182.72.152&apos;, os.name: &apos;Windows 7&apos;, os.arch: &apos;amd64&apos;, os.version: &apos;6.1&apos;, java.version: &apos;1.8.0_45&apos;&#10;Driver info: org.openqa.selenium.ie.InternetExplorerDriver&#10;Capabilities [{browserAttachTimeout=0, ie.enableFullPageScreenshot=true, enablePersistentHover=true, ie.forceCreateProcessApi=false, ie.forceShellWindowsApi=false, pageLoadStrategy=normal, ignoreZoomSetting=false, ie.fileUploadDialogTimeout=3000, version=11, platform=WINDOWS, nativeEvents=true, ie.ensureCleanSession=false, elementScrollBehavior=0, ie.browserCommandLineSwitches=, requireWindowFocus=false, browserName=internet explorer, initialBrowserUrl=http://localhost:17835/, javascriptEnabled=true, ignoreProtectedModeSettings=false, enableElementCacheCleanup=true, unexpectedAlertBehaviour=dismiss}]&#10;Session ID: 88a7fc95-60e4-47dd-a404-9d3600fb321d&#10;*** Element info: {Using=id, value=errorsLabel}" type="org.openqa.selenium.NoSuchWindowException">org.openqa.selenium.NoSuchWindowException: 
Unable to find element on closed window (WARNING: The server did not provide any stacktrace information)
Command duration or timeout: 156 milliseconds
Build info: version: '3.0.1', revision: '1969d75', time: '2016-10-18 09:49:13 -0700'
System info: host: 'W1343733', ip: '10.182.72.152', os.name: 'Windows 7', os.arch: 'amd64', os.version: '6.1', java.version: '1.8.0_45'
Driver info: org.openqa.selenium.ie.InternetExplorerDriver
Capabilities [{browserAttachTimeout=0, ie.enableFullPageScreenshot=true, enablePersistentHover=true, ie.forceCreateProcessApi=false, ie.forceShellWindowsApi=false, pageLoadStrategy=normal, ignoreZoomSetting=false, ie.fileUploadDialogTimeout=3000, version=11, platform=WINDOWS, nativeEvents=true, ie.ensureCleanSession=false, elementScrollBehavior=0, ie.browserCommandLineSwitches=, requireWindowFocus=false, browserName=internet explorer, initialBrowserUrl=http://localhost:17835/, javascriptEnabled=true, ignoreProtectedModeSettings=false, enableElementCacheCleanup=true, unexpectedAlertBehaviour=dismiss}]
Session ID: 88a7fc95-60e4-47dd-a404-9d3600fb321d
*** Element info: {Using=id, value=errorsLabel}
	at Hazards.PatientIdentificationErrorTest.patientIdentficationErrorTest(PatientIdentificationErrorTest.java:90)
</failure>
    <system-out><![CDATA[PatientIdentificationErrorTest - Started successfully
]]></system-out>
    <system-err><![CDATA[Started InternetExplorerDriver server (32-bit)
2.53.1.0
Listening on port 17835
Only local connections are allowed
Mar 13, 2017 11:56:52 AM org.openqa.selenium.remote.ProtocolHandshake createSession
INFO: Attempting bi-dialect session, assuming Postel's Law holds true on the remote end
Mar 13, 2017 11:56:55 AM org.openqa.selenium.remote.ProtocolHandshake createSession
INFO: Detected dialect: OSS
]]></system-err>
  </testcase>
  <testcase name="ITestResult" classname="Hazards.PatientIdentificationErrorTest" time="8.778">
    <failure message="Unable to get browser (WARNING: The server did not provide any stacktrace information)&#10;Command duration or timeout: 16 milliseconds&#10;Build info: version: &apos;3.0.1&apos;, revision: &apos;1969d75&apos;, time: &apos;2016-10-18 09:49:13 -0700&apos;&#10;System info: host: &apos;W1343733&apos;, ip: &apos;10.182.72.152&apos;, os.name: &apos;Windows 7&apos;, os.arch: &apos;amd64&apos;, os.version: &apos;6.1&apos;, java.version: &apos;1.8.0_45&apos;&#10;Driver info: org.openqa.selenium.ie.InternetExplorerDriver&#10;Capabilities [{browserAttachTimeout=0, ie.enableFullPageScreenshot=true, enablePersistentHover=true, ie.forceCreateProcessApi=false, ie.forceShellWindowsApi=false, pageLoadStrategy=normal, ignoreZoomSetting=false, ie.fileUploadDialogTimeout=3000, version=11, platform=WINDOWS, nativeEvents=true, ie.ensureCleanSession=false, elementScrollBehavior=0, ie.browserCommandLineSwitches=, requireWindowFocus=false, browserName=internet explorer, initialBrowserUrl=http://localhost:17835/, javascriptEnabled=true, ignoreProtectedModeSettings=false, enableElementCacheCleanup=true, unexpectedAlertBehaviour=dismiss}]&#10;Session ID: 88a7fc95-60e4-47dd-a404-9d3600fb321d" type="org.openqa.selenium.NoSuchWindowException">org.openqa.selenium.NoSuchWindowException: 
Unable to get browser (WARNING: The server did not provide any stacktrace information)
Command duration or timeout: 16 milliseconds
Build info: version: '3.0.1', revision: '1969d75', time: '2016-10-18 09:49:13 -0700'
System info: host: 'W1343733', ip: '10.182.72.152', os.name: 'Windows 7', os.arch: 'amd64', os.version: '6.1', java.version: '1.8.0_45'
Driver info: org.openqa.selenium.ie.InternetExplorerDriver
Capabilities [{browserAttachTimeout=0, ie.enableFullPageScreenshot=true, enablePersistentHover=true, ie.forceCreateProcessApi=false, ie.forceShellWindowsApi=false, pageLoadStrategy=normal, ignoreZoomSetting=false, ie.fileUploadDialogTimeout=3000, version=11, platform=WINDOWS, nativeEvents=true, ie.ensureCleanSession=false, elementScrollBehavior=0, ie.browserCommandLineSwitches=, requireWindowFocus=false, browserName=internet explorer, initialBrowserUrl=http://localhost:17835/, javascriptEnabled=true, ignoreProtectedModeSettings=false, enableElementCacheCleanup=true, unexpectedAlertBehaviour=dismiss}]
Session ID: 88a7fc95-60e4-47dd-a404-9d3600fb321d
	at Hazards.PatientIdentificationErrorTest.ITestResult(PatientIdentificationErrorTest.java:198)
</failure>
  </testcase>
  <testcase name="postExecutionTest" classname="Hazards.PatientIdentificationErrorTest" time="0">
    <skipped/>
  </testcase>
  <testcase name="PatientIdentificationErrorTest" classname="Hazards.CausePatientIdentificationErrorTest" time="20.184">
    <failure message="Unable to find element on closed window (WARNING: The server did not provide any stacktrace information)&#10;Command duration or timeout: 15 milliseconds&#10;Build info: version: &apos;3.0.1&apos;, revision: &apos;1969d75&apos;, time: &apos;2016-10-18 09:49:13 -0700&apos;&#10;System info: host: &apos;W1343733&apos;, ip: &apos;10.182.72.152&apos;, os.name: &apos;Windows 7&apos;, os.arch: &apos;amd64&apos;, os.version: &apos;6.1&apos;, java.version: &apos;1.8.0_45&apos;&#10;Driver info: org.openqa.selenium.ie.InternetExplorerDriver&#10;Capabilities [{browserAttachTimeout=0, ie.enableFullPageScreenshot=true, enablePersistentHover=true, ie.forceCreateProcessApi=false, ie.forceShellWindowsApi=false, pageLoadStrategy=normal, ignoreZoomSetting=false, ie.fileUploadDialogTimeout=3000, version=11, platform=WINDOWS, nativeEvents=true, ie.ensureCleanSession=false, elementScrollBehavior=0, ie.browserCommandLineSwitches=, requireWindowFocus=false, browserName=internet explorer, initialBrowserUrl=http://localhost:46613/, javascriptEnabled=true, ignoreProtectedModeSettings=false, enableElementCacheCleanup=true, unexpectedAlertBehaviour=dismiss}]&#10;Session ID: f7ca507c-7940-4968-8cf9-51b3885aadc4&#10;*** Element info: {Using=id, value=errorsLabel}" type="org.openqa.selenium.NoSuchWindowException">org.openqa.selenium.NoSuchWindowException: 
Unable to find element on closed window (WARNING: The server did not provide any stacktrace information)
Command duration or timeout: 15 milliseconds
Build info: version: '3.0.1', revision: '1969d75', time: '2016-10-18 09:49:13 -0700'
System info: host: 'W1343733', ip: '10.182.72.152', os.name: 'Windows 7', os.arch: 'amd64', os.version: '6.1', java.version: '1.8.0_45'
Driver info: org.openqa.selenium.ie.InternetExplorerDriver
Capabilities [{browserAttachTimeout=0, ie.enableFullPageScreenshot=true, enablePersistentHover=true, ie.forceCreateProcessApi=false, ie.forceShellWindowsApi=false, pageLoadStrategy=normal, ignoreZoomSetting=false, ie.fileUploadDialogTimeout=3000, version=11, platform=WINDOWS, nativeEvents=true, ie.ensureCleanSession=false, elementScrollBehavior=0, ie.browserCommandLineSwitches=, requireWindowFocus=false, browserName=internet explorer, initialBrowserUrl=http://localhost:46613/, javascriptEnabled=true, ignoreProtectedModeSettings=false, enableElementCacheCleanup=true, unexpectedAlertBehaviour=dismiss}]
Session ID: f7ca507c-7940-4968-8cf9-51b3885aadc4
*** Element info: {Using=id, value=errorsLabel}
	at Hazards.CausePatientIdentificationErrorTest.PatientIdentificationErrorTest(CausePatientIdentificationErrorTest.java:99)
</failure>
    <system-out><![CDATA[CausePatientIdentificationErrorTest - Started successfully
]]></system-out>
    <system-err><![CDATA[Started InternetExplorerDriver server (32-bit)
2.53.1.0
Listening on port 46613
Only local connections are allowed
Mar 13, 2017 11:57:23 AM org.openqa.selenium.remote.ProtocolHandshake createSession
INFO: Attempting bi-dialect session, assuming Postel's Law holds true on the remote end
Mar 13, 2017 11:57:26 AM org.openqa.selenium.remote.ProtocolHandshake createSession
INFO: Detected dialect: OSS
]]></system-err>
  </testcase>
  <testcase name="PatientMisidentificationTest" classname="Hazards.CausePatientMisidentificationTest" time="2.523">
    <failure message="Failed to navigate to http://10.162.106.174/TransSpec2016010410/capribedside/Login.aspx. This usually means that a call to the COM method IWebBrowser2::Navigate2() failed. (WARNING: The server did not provide any stacktrace information)&#10;Command duration or timeout: 32 milliseconds&#10;Build info: version: &apos;3.0.1&apos;, revision: &apos;1969d75&apos;, time: &apos;2016-10-18 09:49:13 -0700&apos;&#10;System info: host: &apos;W1343733&apos;, ip: &apos;10.182.72.152&apos;, os.name: &apos;Windows 7&apos;, os.arch: &apos;amd64&apos;, os.version: &apos;6.1&apos;, java.version: &apos;1.8.0_45&apos;&#10;Driver info: org.openqa.selenium.ie.InternetExplorerDriver&#10;Capabilities [{browserAttachTimeout=0, ie.enableFullPageScreenshot=true, enablePersistentHover=true, ie.forceCreateProcessApi=false, ie.forceShellWindowsApi=false, pageLoadStrategy=normal, ignoreZoomSetting=false, ie.fileUploadDialogTimeout=3000, version=11, platform=WINDOWS, nativeEvents=true, ie.ensureCleanSession=false, elementScrollBehavior=0, ie.browserCommandLineSwitches=, requireWindowFocus=false, browserName=internet explorer, initialBrowserUrl=http://localhost:40181/, javascriptEnabled=true, ignoreProtectedModeSettings=false, enableElementCacheCleanup=true, unexpectedAlertBehaviour=dismiss}]&#10;Session ID: 1e536229-45f3-4d64-9f3f-a1baa8b7e1e1" type="org.openqa.selenium.WebDriverException">org.openqa.selenium.WebDriverException: 
Failed to navigate to http://10.162.106.174/TransSpec2016010410/capribedside/Login.aspx. This usually means that a call to the COM method IWebBrowser2::Navigate2() failed. (WARNING: The server did not provide any stacktrace information)
Command duration or timeout: 32 milliseconds
Build info: version: '3.0.1', revision: '1969d75', time: '2016-10-18 09:49:13 -0700'
System info: host: 'W1343733', ip: '10.182.72.152', os.name: 'Windows 7', os.arch: 'amd64', os.version: '6.1', java.version: '1.8.0_45'
Driver info: org.openqa.selenium.ie.InternetExplorerDriver
Capabilities [{browserAttachTimeout=0, ie.enableFullPageScreenshot=true, enablePersistentHover=true, ie.forceCreateProcessApi=false, ie.forceShellWindowsApi=false, pageLoadStrategy=normal, ignoreZoomSetting=false, ie.fileUploadDialogTimeout=3000, version=11, platform=WINDOWS, nativeEvents=true, ie.ensureCleanSession=false, elementScrollBehavior=0, ie.browserCommandLineSwitches=, requireWindowFocus=false, browserName=internet explorer, initialBrowserUrl=http://localhost:40181/, javascriptEnabled=true, ignoreProtectedModeSettings=false, enableElementCacheCleanup=true, unexpectedAlertBehaviour=dismiss}]
Session ID: 1e536229-45f3-4d64-9f3f-a1baa8b7e1e1
	at Hazards.CausePatientMisidentificationTest.PatientMisidentificationTest(CausePatientMisidentificationTest.java:70)
</failure>
    <system-out><![CDATA[CausePatientMisidentificationTest - Started successfully
]]></system-out>
    <system-err><![CDATA[Started InternetExplorerDriver server (32-bit)
2.53.1.0
Listening on port 40181
Only local connections are allowed
Mar 13, 2017 11:57:44 AM org.openqa.selenium.remote.ProtocolHandshake createSession
INFO: Attempting bi-dialect session, assuming Postel's Law holds true on the remote end
Mar 13, 2017 11:57:46 AM org.openqa.selenium.remote.ProtocolHandshake createSession
INFO: Detected dialect: OSS
]]></system-err>
  </testcase>
  <testcase name="closeDriverTest" classname="Hazards.CausePatientMisidentificationTest" time="10,803.361">
    <failure message="java.net.SocketTimeoutException: Read timed out&#10;Build info: version: &apos;3.0.1&apos;, revision: &apos;1969d75&apos;, time: &apos;2016-10-18 09:49:13 -0700&apos;&#10;System info: host: &apos;W1343733&apos;, ip: &apos;10.182.72.152&apos;, os.name: &apos;Windows 7&apos;, os.arch: &apos;amd64&apos;, os.version: &apos;6.1&apos;, java.version: &apos;1.8.0_45&apos;&#10;Driver info: driver.version: IEDriver" type="org.openqa.selenium.WebDriverException">org.openqa.selenium.WebDriverException: 
java.net.SocketTimeoutException: Read timed out
Build info: version: '3.0.1', revision: '1969d75', time: '2016-10-18 09:49:13 -0700'
System info: host: 'W1343733', ip: '10.182.72.152', os.name: 'Windows 7', os.arch: 'amd64', os.version: '6.1', java.version: '1.8.0_45'
Driver info: driver.version: IEDriver
	at Hazards.CausePatientMisidentificationTest.closeDriverTest(CausePatientMisidentificationTest.java:152)
Caused by: java.net.SocketTimeoutException: Read timed out
	at Hazards.CausePatientMisidentificationTest.closeDriverTest(CausePatientMisidentificationTest.java:152)
</failure>
    <system-err><![CDATA[Started InternetExplorerDriver server (32-bit)
2.53.1.0
Listening on port 44042
Only local connections are allowed
Mar 13, 2017 11:57:46 AM org.openqa.selenium.remote.ProtocolHandshake createSession
INFO: Attempting bi-dialect session, assuming Postel's Law holds true on the remote end
]]></system-err>
  </testcase>
</testsuite>